<?xml version="1.0" encoding="UTF-8"?>
<!-- Generated by org.testng.reporters.JUnitReportReporter -->
<testsuite hostname="ROTA" failures="0" tests="4" name="ui.LogInTest" time="0.012" errors="0" timestamp="2024-09-27T03:29:43 IST" skipped="0">
  <testcase classname="ui.LogInTest" name="Test" time="0.001"/>
  <testcase classname="ui.LogInTest" name="Test" time="0.007"/>
  <testcase classname="ui.LogInTest" name="Test" time="0.002"/>
  <testcase classname="ui.LogInTest" name="Test" time="0.002"/>
</testsuite> <!-- ui.LogInTest -->
