<?xml version="1.0" encoding="UTF-8"?>
<!-- Generated by org.testng.reporters.JUnitReportReporter -->
<testsuite hostname="ROTA" failures="0" tests="1" name="com.shoppersstack.testcases.RemoveFromCartTest" time="29.346" errors="0" timestamp="2024-09-29T15:47:02 IST" skipped="0">
  <testcase classname="com.shoppersstack.testcases.RemoveFromCartTest" name="testRemoveFromCart" time="29.346"/>
</testsuite> <!-- com.shoppersstack.testcases.RemoveFromCartTest -->
