<?xml version="1.0" encoding="UTF-8"?>
<!-- Generated by org.testng.reporters.JUnitReportReporter -->
<testsuite hostname="ROTA" failures="0" tests="1" name="com.shoppersstack.testcases.LogOutTest" time="17.093" errors="0" timestamp="2024-09-29T15:51:08 IST" skipped="0">
  <testcase classname="com.shoppersstack.testcases.LogOutTest" name="testLogOut" time="17.093"/>
</testsuite> <!-- com.shoppersstack.testcases.LogOutTest -->
