<?xml version="1.0" encoding="UTF-8"?>
<!-- Generated by org.testng.reporters.JUnitReportReporter -->
<testsuite hostname="ROTA" failures="0" tests="1" name="com.shoppersstack.testcases.AddToCartTest" time="19.524" errors="0" timestamp="2024-09-29T15:43:56 IST" skipped="0">
  <testcase classname="com.shoppersstack.testcases.AddToCartTest" name="testAddToCart" time="19.524"/>
</testsuite> <!-- com.shoppersstack.testcases.AddToCartTest -->
