<?xml version="1.0" encoding="UTF-8"?>
<!-- Generated by org.testng.reporters.JUnitReportReporter -->
<testsuite hostname="ROTA" failures="0" tests="1" name="com.shoppersstack.testcases.LogInTest" time="12.357" errors="0" timestamp="2024-09-29T15:40:56 IST" skipped="0">
  <testcase classname="com.shoppersstack.testcases.LogInTest" name="testUserLogin" time="12.357"/>
</testsuite> <!-- com.shoppersstack.testcases.LogInTest -->
